Starting CDA with 8 rules.
31 15 0 0 16 0 0 0    | decapsulateAttribute
0 0 15 0 0 0 0 0    | pullUpEncapsulatedAttribute
0 16 0 0 0 0 0 0    | moveMethod
0 0 0 0 0 0 0 0    | moveAttribute
16 0 17 1 1 0 0 0    | deleteClass
0 0 0 0 16 0 0 0    | introduceNewPackageForSingleClass
0 0 0 0 0 0 15 0    | newPackageForImplementations
0 85 0 0 0 0 16 0    | joinClassesWithCommonSuperclass

16 34 4 1 0 1 1 4    | decapsulateAttribute
3 2 1 1 0 0 1 3    | pullUpEncapsulatedAttribute
2 2 1 0 1 1 0 1    | moveMethod
2 2 0 1 1 0 0 1    | moveAttribute
2 2 1 1 1 3 2 1    | deleteClass
1 1 0 0 1 1 2 1    | introduceNewPackageForSingleClass
1 0 0 1 1 2 5 2    | newPackageForImplementations
5 33 1 1 1 1 16 122    | joinClassesWithCommonSuperclass

16 27 2 1 1 0 1 1    | decapsulateAttribute
5 17 1 2 1 1 1 2    | pullUpEncapsulatedAttribute
1 0 0 0 3 1 0 1    | moveMethod
1 1 3 0 0 1 0 1    | moveAttribute
1 1 1 1 1 1 1 1    | deleteClass
1 1 0 0 1 1 1 1    | introduceNewPackageForSingleClass
0 1 1 1 3 1 8 1    | newPackageForImplementations
2 18 1 1 1 1 18 84    | joinClassesWithCommonSuperclass

