Starting CDA with 8 rules.
31 0 0 0 0 0 0 0    | decapsulateAttribute
0 0 0 0 0 0 16 0    | pullUpEncapsulatedAttribute
0 0 0 0 0 0 0 0    | moveMethod
0 15 0 0 0 0 0 0    | moveAttribute
0 0 17 2 2 2 0 0    | deleteClass
0 0 0 0 0 0 0 0    | introduceNewPackageForSingleClass
0 16 0 0 0 0 0 0    | newPackageForImplementations
15 47 0 0 0 16 5 0    | joinClassesWithCommonSuperclass

31 16 0 0 0 16 0 0    | decapsulateAttribute
0 0 0 0 0 0 0 0    | pullUpEncapsulatedAttribute
0 0 0 0 0 0 0 0    | moveMethod
2 1 0 1 0 0 0 0    | moveAttribute
0 0 0 0 0 0 0 0    | deleteClass
0 0 0 0 0 0 0 0    | introduceNewPackageForSingleClass
0 0 0 0 16 0 0 0    | newPackageForImplementations
0 31 16 0 0 0 22 176    | joinClassesWithCommonSuperclass

17 16 4 1 1 1 1 2    | decapsulateAttribute
15 12 5 2 1 1 0 12    | pullUpEncapsulatedAttribute
2 2 1 1 0 1 0 1    | moveMethod
1 2 1 1 1 1 0 1    | moveAttribute
2 2 1 1 2 2 2 2    | deleteClass
1 1 1 3 1 1 2 1    | introduceNewPackageForSingleClass
1 1 0 0 1 1 7 1    | newPackageForImplementations
4 27 1 4 2 2 31 184    | joinClassesWithCommonSuperclass

